Performing C SOURCE FILE Test CMAKE_HAVE_LIBC_PTHREAD failed with the following output:
Change Dir: /home/oem/Documents/ACS/acs-spring-l3/cmake-build-debug/CMakeFiles/CMakeTmp

Run Build Command(s):/usr/bin/make cmTC_a91e8/fast && /usr/bin/make -f CMakeFiles/cmTC_a91e8.dir/build.make CMakeFiles/cmTC_a91e8.dir/build
make[1]: Entering directory '/home/oem/Documents/ACS/acs-spring-l3/cmake-build-debug/CMakeFiles/CMakeTmp'
Building C object CMakeFiles/cmTC_a91e8.dir/src.c.o
/usr/bin/cc   -DCMAKE_HAVE_LIBC_PTHREAD   -o CMakeFiles/cmTC_a91e8.dir/src.c.o   -c /home/oem/Documents/ACS/acs-spring-l3/cmake-build-debug/CMakeFiles/CMakeTmp/src.c
Linking C executable cmTC_a91e8
"/home/oem/Program Files/clion-2019.3.5/bin/cmake/linux/bin/cmake" -E cmake_link_script CMakeFiles/cmTC_a91e8.dir/link.txt --verbose=1
/usr/bin/cc  -DCMAKE_HAVE_LIBC_PTHREAD    -rdynamic CMakeFiles/cmTC_a91e8.dir/src.c.o  -o cmTC_a91e8 
CMakeFiles/cmTC_a91e8.dir/src.c.o: In function `main':
src.c:(.text+0x3e): undefined reference to `pthread_create'
src.c:(.text+0x4a): undefined reference to `pthread_detach'
src.c:(.text+0x5b): undefined reference to `pthread_join'
src.c:(.text+0x6f): undefined reference to `pthread_atfork'
collect2: error: ld returned 1 exit status
CMakeFiles/cmTC_a91e8.dir/build.make:86: recipe for target 'cmTC_a91e8' failed
make[1]: *** [cmTC_a91e8] Error 1
make[1]: Leaving directory '/home/oem/Documents/ACS/acs-spring-l3/cmake-build-debug/CMakeFiles/CMakeTmp'
Makefile:121: recipe for target 'cmTC_a91e8/fast' failed
make: *** [cmTC_a91e8/fast] Error 2


Source file was:
#include <pthread.h>

void* test_func(void* data)
{
  return data;
}

int main(void)
{
  pthread_t thread;
  pthread_create(&thread, NULL, test_func, NULL);
  pthread_detach(thread);
  pthread_join(thread, NULL);
  pthread_atfork(NULL, NULL, NULL);
  pthread_exit(NULL);

  return 0;
}

Determining if the function pthread_create exists in the pthreads failed with the following output:
Change Dir: /home/oem/Documents/ACS/acs-spring-l3/cmake-build-debug/CMakeFiles/CMakeTmp

Run Build Command(s):/usr/bin/make cmTC_144fe/fast && /usr/bin/make -f CMakeFiles/cmTC_144fe.dir/build.make CMakeFiles/cmTC_144fe.dir/build
make[1]: Entering directory '/home/oem/Documents/ACS/acs-spring-l3/cmake-build-debug/CMakeFiles/CMakeTmp'
Building C object CMakeFiles/cmTC_144fe.dir/CheckFunctionExists.c.o
/usr/bin/cc   -DCHECK_FUNCTION_EXISTS=pthread_create   -o CMakeFiles/cmTC_144fe.dir/CheckFunctionExists.c.o   -c "/home/oem/Program Files/clion-2019.3.5/bin/cmake/linux/share/cmake-3.15/Modules/CheckFunctionExists.c"
Linking C executable cmTC_144fe
"/home/oem/Program Files/clion-2019.3.5/bin/cmake/linux/bin/cmake" -E cmake_link_script CMakeFiles/cmTC_144fe.dir/link.txt --verbose=1
/usr/bin/cc  -DCHECK_FUNCTION_EXISTS=pthread_create    -rdynamic CMakeFiles/cmTC_144fe.dir/CheckFunctionExists.c.o  -o cmTC_144fe -lpthreads 
/usr/bin/ld: cannot find -lpthreads
collect2: error: ld returned 1 exit status
CMakeFiles/cmTC_144fe.dir/build.make:86: recipe for target 'cmTC_144fe' failed
make[1]: *** [cmTC_144fe] Error 1
make[1]: Leaving directory '/home/oem/Documents/ACS/acs-spring-l3/cmake-build-debug/CMakeFiles/CMakeTmp'
Makefile:121: recipe for target 'cmTC_144fe/fast' failed
make: *** [cmTC_144fe/fast] Error 2



